{"contracts\\fundMe.sol":{"l":{"22":3,"23":3,"27":2,"29":1,"30":1,"35":0,"36":0,"40":0,"41":0,"42":0,"44":0,"51":0,"52":0,"67":0,"71":0},"path":"D:\\VS code - Ethers\\clone\\contracts\\fundMe.sol","s":{"1":3,"2":3,"3":2,"4":1,"5":1,"6":0,"7":0,"8":0,"9":0,"10":0,"11":0,"12":0,"13":0},"b":{"1":[1,1],"2":[0,0],"3":[0,0]},"f":{"1":3,"2":2,"3":0,"4":0,"5":0},"fnMap":{"1":{"name":"constructor","line":21,"loc":{"start":{"line":21,"column":4},"end":{"line":24,"column":4}}},"2":{"name":"fund","line":26,"loc":{"start":{"line":26,"column":4},"end":{"line":31,"column":4}}},"3":{"name":"onlyOwner","line":33,"loc":{"start":{"line":33,"column":4},"end":{"line":37,"column":4}}},"4":{"name":"withdraw","line":39,"loc":{"start":{"line":39,"column":4},"end":{"line":53,"column":4}}},"5":{"name":null,"line":66,"loc":{"start":{"line":66,"column":4},"end":{"line":68,"column":4}}}},"statementMap":{"1":{"start":{"line":22,"column":8},"end":{"line":22,"column":27}},"2":{"start":{"line":23,"column":8},"end":{"line":23,"column":58}},"3":{"start":{"line":27,"column":8},"end":{"line":27,"column":100}},"4":{"start":{"line":29,"column":8},"end":{"line":29,"column":53}},"5":{"start":{"line":30,"column":8},"end":{"line":30,"column":31}},"6":{"start":{"line":35,"column":8},"end":{"line":35,"column":52}},"7":{"start":{"line":40,"column":8},"end":{"line":40,"column":1311}},"8":{"start":{"line":41,"column":12},"end":{"line":41,"column":49}},"9":{"start":{"line":42,"column":12},"end":{"line":42,"column":44}},"10":{"start":{"line":44,"column":8},"end":{"line":44,"column":33}},"11":{"start":{"line":51,"column":8},"end":{"line":51,"column":89}},"12":{"start":{"line":52,"column":8},"end":{"line":52,"column":42}},"13":{"start":{"line":67,"column":8},"end":{"line":67,"column":13}}},"branchMap":{"1":{"line":27,"type":"if","locations":[{"start":{"line":27,"column":8},"end":{"line":27,"column":8}},{"start":{"line":27,"column":8},"end":{"line":27,"column":8}}]},"2":{"line":35,"type":"if","locations":[{"start":{"line":35,"column":8},"end":{"line":35,"column":8}},{"start":{"line":35,"column":8},"end":{"line":35,"column":8}}]},"3":{"line":52,"type":"if","locations":[{"start":{"line":52,"column":8},"end":{"line":52,"column":8}},{"start":{"line":52,"column":8},"end":{"line":52,"column":8}}]}}},"contracts\\PriceConverter.sol":{"l":{"15":2,"17":2,"25":2,"26":2,"28":2},"path":"D:\\VS code - Ethers\\clone\\contracts\\PriceConverter.sol","s":{"1":2,"2":2,"3":2,"4":2,"5":2},"b":{},"f":{"1":2,"2":2},"fnMap":{"1":{"name":"getPrice","line":10,"loc":{"start":{"line":10,"column":4},"end":{"line":18,"column":4}}},"2":{"name":"getConversionRate","line":21,"loc":{"start":{"line":21,"column":4},"end":{"line":29,"column":4}}}},"statementMap":{"1":{"start":{"line":15,"column":8},"end":{"line":15,"column":61}},"2":{"start":{"line":17,"column":8},"end":{"line":17,"column":44}},"3":{"start":{"line":25,"column":8},"end":{"line":25,"column":46}},"4":{"start":{"line":26,"column":8},"end":{"line":26,"column":77}},"5":{"start":{"line":28,"column":8},"end":{"line":28,"column":29}}},"branchMap":{}},"contracts\\test\\MockV3Aggregator.sol":{"l":{},"path":"D:\\VS code - Ethers\\clone\\contracts\\test\\MockV3Aggregator.sol","s":{},"b":{},"f":{},"fnMap":{},"statementMap":{},"branchMap":{}}}